{"level":"error","message":"Response Metadata(key: 3, version: 6)","extra":{"timestamp":"2020-12-07T20:43:58.048Z","logger":"kafkajs","broker":"localhost:9092","clientId":"my-app","error":"There is no leader for this topic-partition as we are in the middle of a leadership election","correlationId":1,"size":88}}
{"level":"error","message":"Response Metadata(key: 3, version: 6)","extra":{"timestamp":"2020-12-07T20:43:58.051Z","logger":"kafkajs","broker":"localhost:9092","clientId":"my-app","error":"There is no leader for this topic-partition as we are in the middle of a leadership election","correlationId":1,"size":89}}
{"level":"error","message":"Response Metadata(key: 3, version: 6)","extra":{"timestamp":"2020-12-07T20:43:58.052Z","logger":"kafkajs","broker":"localhost:9092","clientId":"my-app","error":"There is no leader for this topic-partition as we are in the middle of a leadership election","correlationId":1,"size":86}}
{"level":"info","message":"Starting","extra":{"timestamp":"2020-12-07T20:43:58.312Z","logger":"kafkajs","groupId":"listing"}}
{"level":"info","message":"Starting","extra":{"timestamp":"2020-12-07T20:43:58.341Z","logger":"kafkajs","groupId":"user"}}
{"level":"info","message":"Consumer has joined the group","extra":{"timestamp":"2020-12-07T20:43:58.347Z","logger":"kafkajs","groupId":"listing","memberId":"my-app-57edfc12-2c71-472c-95e6-c5ba4183845a","leaderId":"my-app-57edfc12-2c71-472c-95e6-c5ba4183845a","isLeader":true,"memberAssignment":{"listing":[0]},"groupProtocol":"RoundRobinAssigner","duration":35}}
{"level":"info","message":"Consumer has joined the group","extra":{"timestamp":"2020-12-07T20:43:58.354Z","logger":"kafkajs","groupId":"user","memberId":"my-app-f59be824-d495-4ec1-893e-4e1d0d646068","leaderId":"my-app-f59be824-d495-4ec1-893e-4e1d0d646068","isLeader":true,"memberAssignment":{"user":[0]},"groupProtocol":"RoundRobinAssigner","duration":12}}
{"level":"info","message":"Starting","extra":{"timestamp":"2020-12-07T20:43:58.362Z","logger":"kafkajs","groupId":"review"}}
{"level":"info","message":"Consumer has joined the group","extra":{"timestamp":"2020-12-07T20:43:58.394Z","logger":"kafkajs","groupId":"review","memberId":"my-app-06919518-4cac-4e57-babf-a76a41a7a24b","leaderId":"my-app-06919518-4cac-4e57-babf-a76a41a7a24b","isLeader":true,"memberAssignment":{"review":[0]},"groupProtocol":"RoundRobinAssigner","duration":32}}
{"level":"info","message":"Starting","extra":{"timestamp":"2020-12-07T21:10:33.312Z","logger":"kafkajs","groupId":"user"}}
{"level":"info","message":"Starting","extra":{"timestamp":"2020-12-07T21:10:33.318Z","logger":"kafkajs","groupId":"listing"}}
{"level":"info","message":"Starting","extra":{"timestamp":"2020-12-07T21:10:33.319Z","logger":"kafkajs","groupId":"review"}}
{"level":"info","message":"Consumer has joined the group","extra":{"timestamp":"2020-12-07T21:10:33.344Z","logger":"kafkajs","groupId":"user","memberId":"my-app-5fbea590-ccbc-4463-9b4e-2047276aee78","leaderId":"my-app-5fbea590-ccbc-4463-9b4e-2047276aee78","isLeader":true,"memberAssignment":{"user":[0]},"groupProtocol":"RoundRobinAssigner","duration":28}}
{"level":"info","message":"Consumer has joined the group","extra":{"timestamp":"2020-12-07T21:10:33.384Z","logger":"kafkajs","groupId":"listing","memberId":"my-app-53f7eac4-1ec9-476a-ac92-f1ab1f1a9766","leaderId":"my-app-53f7eac4-1ec9-476a-ac92-f1ab1f1a9766","isLeader":true,"memberAssignment":{"listing":[0]},"groupProtocol":"RoundRobinAssigner","duration":66}}
{"level":"info","message":"Consumer has joined the group","extra":{"timestamp":"2020-12-07T21:10:33.385Z","logger":"kafkajs","groupId":"review","memberId":"my-app-01be3dff-fa12-46ec-9d72-f9eeb58e6b4d","leaderId":"my-app-01be3dff-fa12-46ec-9d72-f9eeb58e6b4d","isLeader":true,"memberAssignment":{"review":[0]},"groupProtocol":"RoundRobinAssigner","duration":66}}
{"level":"info","message":"Starting","extra":{"timestamp":"2020-12-07T23:57:11.814Z","logger":"kafkajs","groupId":"listing"}}
{"level":"info","message":"Starting","extra":{"timestamp":"2020-12-07T23:57:11.821Z","logger":"kafkajs","groupId":"user"}}
{"level":"info","message":"Starting","extra":{"timestamp":"2020-12-07T23:57:11.823Z","logger":"kafkajs","groupId":"review"}}
{"level":"info","message":"Consumer has joined the group","extra":{"timestamp":"2020-12-07T23:57:11.851Z","logger":"kafkajs","groupId":"listing","memberId":"my-app-564f0d41-aece-43eb-9413-80a3ba5954a2","leaderId":"my-app-564f0d41-aece-43eb-9413-80a3ba5954a2","isLeader":true,"memberAssignment":{"listing":[0]},"groupProtocol":"RoundRobinAssigner","duration":32}}
{"level":"info","message":"Consumer has joined the group","extra":{"timestamp":"2020-12-07T23:57:11.860Z","logger":"kafkajs","groupId":"user","memberId":"my-app-9ede109e-d0c7-4fa1-b338-5c87ba7aaf89","leaderId":"my-app-9ede109e-d0c7-4fa1-b338-5c87ba7aaf89","isLeader":true,"memberAssignment":{"user":[0]},"groupProtocol":"RoundRobinAssigner","duration":38}}
{"level":"info","message":"Consumer has joined the group","extra":{"timestamp":"2020-12-07T23:57:11.870Z","logger":"kafkajs","groupId":"review","memberId":"my-app-3fe09afd-2702-44b6-8344-6c7847934504","leaderId":"my-app-3fe09afd-2702-44b6-8344-6c7847934504","isLeader":true,"memberAssignment":{"review":[0]},"groupProtocol":"RoundRobinAssigner","duration":47}}
{"level":"info","message":"Starting","extra":{"timestamp":"2020-12-07T23:59:19.458Z","logger":"kafkajs","groupId":"user"}}
{"level":"info","message":"Starting","extra":{"timestamp":"2020-12-07T23:59:19.466Z","logger":"kafkajs","groupId":"review"}}
{"level":"info","message":"Starting","extra":{"timestamp":"2020-12-07T23:59:19.468Z","logger":"kafkajs","groupId":"listing"}}
{"level":"info","message":"Consumer has joined the group","extra":{"timestamp":"2020-12-07T23:59:19.498Z","logger":"kafkajs","groupId":"review","memberId":"my-app-934b551d-223d-469d-b7f8-d2365f53cc7b","leaderId":"my-app-934b551d-223d-469d-b7f8-d2365f53cc7b","isLeader":true,"memberAssignment":{"review":[0]},"groupProtocol":"RoundRobinAssigner","duration":31}}
{"level":"info","message":"Consumer has joined the group","extra":{"timestamp":"2020-12-07T23:59:19.508Z","logger":"kafkajs","groupId":"listing","memberId":"my-app-db1c2a32-05c2-423e-a049-0297fae7df3d","leaderId":"my-app-db1c2a32-05c2-423e-a049-0297fae7df3d","isLeader":true,"memberAssignment":{"listing":[0]},"groupProtocol":"RoundRobinAssigner","duration":39}}
{"level":"info","message":"Consumer has joined the group","extra":{"timestamp":"2020-12-07T23:59:19.520Z","logger":"kafkajs","groupId":"user","memberId":"my-app-ecb0211a-d0e1-417b-9962-8ef4f78177b9","leaderId":"my-app-ecb0211a-d0e1-417b-9962-8ef4f78177b9","isLeader":true,"memberAssignment":{"user":[0]},"groupProtocol":"RoundRobinAssigner","duration":57}}
{"level":"error","message":"Response Metadata(key: 3, version: 6)","extra":{"timestamp":"2020-12-08T00:21:42.604Z","logger":"kafkajs","broker":"localhost:9092","clientId":"brocoin","error":"There is no leader for this topic-partition as we are in the middle of a leadership election","correlationId":1,"size":94}}
{"level":"error","message":"The \"string\" argument must be of type string or an instance of Buffer or ArrayBuffer. Received an instance of Object","extra":{"timestamp":"2020-12-08T00:21:42.947Z","logger":"kafkajs","retryCount":0,"retryTime":308}}
{"level":"error","message":"The \"string\" argument must be of type string or an instance of Buffer or ArrayBuffer. Received an instance of Object","extra":{"timestamp":"2020-12-08T00:21:45.127Z","logger":"kafkajs","retryCount":0,"retryTime":250}}
{"level":"error","message":"The \"string\" argument must be of type string or an instance of Buffer or ArrayBuffer. Received an instance of Object","extra":{"timestamp":"2020-12-08T00:21:45.128Z","logger":"kafkajs","retryCount":0,"retryTime":336}}
{"level":"error","message":"The \"string\" argument must be of type string or an instance of Buffer or ArrayBuffer. Received an instance of Object","extra":{"timestamp":"2020-12-08T00:21:45.757Z","logger":"kafkajs","retryCount":0,"retryTime":359}}
{"level":"error","message":"The \"string\" argument must be of type string or an instance of Buffer or ArrayBuffer. Received an instance of Object","extra":{"timestamp":"2020-12-08T00:21:45.757Z","logger":"kafkajs","retryCount":0,"retryTime":311}}
{"level":"error","message":"The \"string\" argument must be of type string or an instance of Buffer or ArrayBuffer. Received an instance of Object","extra":{"timestamp":"2020-12-08T00:21:46.414Z","logger":"kafkajs","retryCount":0,"retryTime":307}}
{"level":"error","message":"The \"string\" argument must be of type string or an instance of Buffer or ArrayBuffer. Received an instance of Object","extra":{"timestamp":"2020-12-08T00:21:47.818Z","logger":"kafkajs","retryCount":0,"retryTime":303}}
{"level":"error","message":"The \"string\" argument must be of type string or an instance of Buffer or ArrayBuffer. Received an instance of Object","extra":{"timestamp":"2020-12-08T00:21:47.819Z","logger":"kafkajs","retryCount":0,"retryTime":274}}
{"level":"error","message":"The \"string\" argument must be of type string or an instance of Buffer or ArrayBuffer. Received an instance of Object","extra":{"timestamp":"2020-12-08T00:21:47.829Z","logger":"kafkajs","retryCount":0,"retryTime":278}}
{"level":"error","message":"The \"string\" argument must be of type string or an instance of Buffer or ArrayBuffer. Received an instance of Object","extra":{"timestamp":"2020-12-08T00:21:47.830Z","logger":"kafkajs","retryCount":0,"retryTime":260}}
{"level":"error","message":"Response CreateTopics(key: 19, version: 3)","extra":{"timestamp":"2020-12-08T00:47:44.135Z","logger":"kafkajs","broker":"felicias-mbp.home:9092","clientId":"brocoin","error":"Topic with this name already exists","correlationId":0,"size":66}}
{"level":"error","message":"Response DeleteTopics(key: 20, version: 1)","extra":{"timestamp":"2020-12-08T00:57:14.070Z","logger":"kafkajs","broker":"felicias-mbp.home:9092","clientId":"brocoin","error":"This server does not host this topic-partition","correlationId":0,"size":28}}
{"level":"warn","message":"Could not delete topics","extra":{"timestamp":"2020-12-08T00:57:14.075Z","logger":"kafkajs","error":"This server does not host this topic-partition","retryCount":0,"retryTime":245}}
{"level":"error","message":"Response DeleteTopics(key: 20, version: 1)","extra":{"timestamp":"2020-12-08T00:58:26.192Z","logger":"kafkajs","broker":"felicias-mbp.home:9092","clientId":"brocoin","error":"This server does not host this topic-partition","correlationId":0,"size":28}}
{"level":"warn","message":"Could not delete topics","extra":{"timestamp":"2020-12-08T00:58:26.194Z","logger":"kafkajs","error":"This server does not host this topic-partition","retryCount":0,"retryTime":308}}
{"level":"error","message":"Response CreateTopics(key: 19, version: 3)","extra":{"timestamp":"2020-12-08T00:58:42.378Z","logger":"kafkajs","broker":"felicias-mbp.home:9092","clientId":"brocoin","error":"Topic with this name already exists","correlationId":1,"size":66}}
{"level":"error","message":"Response CreateTopics(key: 19, version: 3)","extra":{"timestamp":"2020-12-08T01:01:02.884Z","logger":"kafkajs","broker":"felicias-mbp.home:9092","clientId":"brocoin","error":"Topic with this name already exists","correlationId":3,"size":66}}
{"level":"info","message":"Starting","extra":{"timestamp":"2020-12-08T01:36:20.966Z","logger":"kafkajs","groupId":"transactions"}}
{"level":"info","message":"Consumer has joined the group","extra":{"timestamp":"2020-12-08T01:36:21.004Z","logger":"kafkajs","groupId":"transactions","memberId":"brocoin-0971bb67-acf5-4f6b-8151-be6591dc6672","leaderId":"brocoin-0971bb67-acf5-4f6b-8151-be6591dc6672","isLeader":true,"memberAssignment":{"transactions":[0,1,2]},"groupProtocol":"RoundRobinAssigner","duration":35}}
{"level":"info","message":"Starting","extra":{"timestamp":"2020-12-08T01:52:40.480Z","logger":"kafkajs","groupId":"transactions"}}
{"level":"info","message":"Consumer has joined the group","extra":{"timestamp":"2020-12-08T01:52:40.504Z","logger":"kafkajs","groupId":"transactions","memberId":"brocoin-157319b7-6508-4bfb-b833-6f368e174d6d","leaderId":"brocoin-157319b7-6508-4bfb-b833-6f368e174d6d","isLeader":true,"memberAssignment":{"transactions":[0,1,2]},"groupProtocol":"RoundRobinAssigner","duration":22}}
{"level":"error","message":"Response Metadata(key: 3, version: 6)","extra":{"timestamp":"2020-12-08T01:52:41.285Z","logger":"kafkajs","broker":"localhost:9092","clientId":"brocoin","error":"There is no leader for this topic-partition as we are in the middle of a leadership election","correlationId":1,"size":104}}
{"level":"info","message":"Starting","extra":{"timestamp":"2020-12-08T01:59:31.886Z","logger":"kafkajs","groupId":"transactions"}}
{"level":"info","message":"Consumer has joined the group","extra":{"timestamp":"2020-12-08T01:59:31.915Z","logger":"kafkajs","groupId":"transactions","memberId":"brocoin-9ec10191-dea5-45d9-b8b5-a629126792eb","leaderId":"brocoin-9ec10191-dea5-45d9-b8b5-a629126792eb","isLeader":true,"memberAssignment":{"transactions":[0,1,2]},"groupProtocol":"RoundRobinAssigner","duration":24}}
{"level":"info","message":"Starting","extra":{"timestamp":"2020-12-08T02:00:51.630Z","logger":"kafkajs","groupId":"transactions"}}
{"level":"info","message":"Consumer has joined the group","extra":{"timestamp":"2020-12-08T02:01:06.534Z","logger":"kafkajs","groupId":"transactions","memberId":"brocoin-362347c0-863a-48a0-8a91-d7b3d8217e93","leaderId":"brocoin-362347c0-863a-48a0-8a91-d7b3d8217e93","isLeader":true,"memberAssignment":{"transactions":[0,1,2]},"groupProtocol":"RoundRobinAssigner","duration":14901}}
{"level":"info","message":"Starting","extra":{"timestamp":"2020-12-08T02:04:15.607Z","logger":"kafkajs","groupId":"transactions"}}
{"level":"info","message":"Consumer has joined the group","extra":{"timestamp":"2020-12-08T02:04:15.636Z","logger":"kafkajs","groupId":"transactions","memberId":"brocoin-b476c6a0-b498-40fc-80a6-a2d466dc5ddb","leaderId":"brocoin-b476c6a0-b498-40fc-80a6-a2d466dc5ddb","isLeader":true,"memberAssignment":{"transactions":[0,1,2]},"groupProtocol":"RoundRobinAssigner","duration":26}}
{"level":"info","message":"Starting","extra":{"timestamp":"2020-12-08T02:07:03.510Z","logger":"kafkajs","groupId":"transactions"}}
{"level":"info","message":"Consumer has joined the group","extra":{"timestamp":"2020-12-08T02:07:23.698Z","logger":"kafkajs","groupId":"transactions","memberId":"brocoin-998648ee-0520-4861-97d6-105eb16274ed","leaderId":"brocoin-998648ee-0520-4861-97d6-105eb16274ed","isLeader":true,"memberAssignment":{"transactions":[0,1,2]},"groupProtocol":"RoundRobinAssigner","duration":20183}}
